05/02/2014 20:14:02 - Directory created : /home/ra/XBMC/Trailers/TEST
05/02/2014 20:33:28 - *** Scraping ...  http://www.hd-trailers.net/top-movies/ ***
05/02/2014 20:33:29 - Following url ... /top-movies/
05/02/2014 20:33:30 - Following url ... /movie/ride-along/
05/02/2014 20:33:30 - Following url ... /movie/disney-frozen/
05/02/2014 20:33:31 - Found : http://movietrailers.apple.com/movies/disney/frozen/frozen-tlr1_h480p.mov
05/02/2014 20:34:06 - *** Scraping ...  http://www.hd-trailers.net/top-movies/ ***
05/02/2014 20:34:06 - Following url ... /top-movies/
05/02/2014 20:34:07 - Following url ... /movie/ride-along/
05/02/2014 20:34:08 - Following url ... /movie/disney-frozen/
05/02/2014 20:34:08 - Found : http://movietrailers.apple.com/movies/disney/frozen/frozen-tlr1_h480p.mov
05/02/2014 20:34:27 - *** Scraping ...  http://www.hd-trailers.net/top-movies/ ***
05/02/2014 20:34:28 - Following url ... /top-movies/
05/02/2014 20:34:29 - Following url ... /movie/ride-along/
05/02/2014 20:34:30 - Following url ... /movie/disney-frozen/
05/02/2014 20:34:30 - Found : http://movietrailers.apple.com/movies/disney/frozen/frozen-tlr1_h480p.mov
05/02/2014 20:34:41 - *** Scraping ...  http://www.hd-trailers.net/top-movies/ ***
05/02/2014 20:35:01 - *** Scraping ...  http://www.hd-trailers.net/top-movies/ ***
05/02/2014 20:35:02 - Following url ... /top-movies/
05/02/2014 20:35:03 - Following url ... /movie/ride-along/
05/02/2014 20:35:04 - Following url ... /movie/disney-frozen/
05/02/2014 20:35:04 - Found : http://movietrailers.apple.com/movies/disney/frozen/frozen-tlr1_h480p.mov
05/02/2014 20:37:46 - *** Scraping ...  http://www.hd-trailers.net/top-movies/ ***
05/02/2014 20:37:46 - Following url ... /top-movies/
05/02/2014 20:37:47 - Following url ... /movie/ride-along/
05/02/2014 20:37:48 - Following url ... /movie/disney-frozen/
05/02/2014 20:37:48 - Found : http://movietrailers.apple.com/movies/disney/frozen/frozen-tlr1_h480p.mov
05/02/2014 20:37:48 - Following url ... /movie/that-awkward-moment/
05/02/2014 20:37:49 - Found : http://movietrailers.apple.com/movies/independent/thatawkwardmoment/thatakwardmoment-tlr1_h480p.mov
05/02/2014 20:37:49 - Following url ... /movie/the-nut-job/
05/02/2014 20:37:51 - Found : http://movietrailers.apple.com/movies/independent/thenutjob/thenutjob-tlr1_h480p.mov
05/02/2014 20:37:51 - Following url ... /movie/lone-survivor/
05/02/2014 20:37:51 - Following url ... /movie/jack-ryan-shadow-recruit/
05/02/2014 20:37:52 - Found : http://movietrailers.apple.com/movies/paramount/jackryanshadowrecruit/jackryanshadowrecruit-tlr1_h480p.mov
05/02/2014 20:37:52 - Found clip : http://movietrailers.apple.com/movies/paramount/jackryanshadowrecruit/jackryanshadowrecruit-clip1_h480p.mov
05/02/2014 20:37:52 - Found clip : http://movietrailers.apple.com/movies/paramount/jackryanshadowrecruit/jackryanshadowrecruit-clip2_h480p.mov
05/02/2014 20:37:52 - Following url ... /movie/labor-day/
05/02/2014 20:37:52 - Following url ... /movie/american-hustle/
05/02/2014 20:37:54 - Found clip : http://movietrailers.apple.com/movies/sony_pictures/americanhustle/americahustle-clip4_h480p.mov
05/02/2014 20:37:54 - Following url ... /movie/i-frankenstein/
05/02/2014 20:37:54 - Following url ... /movie/the-wolf-of-wall-street/
05/02/2014 20:37:55 - Found : http://movietrailers.apple.com/movies/paramount/wolfofwallstreet/wolfofwallstreet-tlr1_h480p.mov
05/02/2014 20:37:55 - Found clip : http://movietrailers.apple.com/movies/paramount/wolfofwallstreet/thewolfofwallstreet-clip1_h480p.mov
05/02/2014 20:39:04 - *** Scraping ...  http://www.hd-trailers.net/top-movies/ ***
05/02/2014 20:39:05 - Following url ... /top-movies/
05/02/2014 20:39:05 - Following url ... /movie/ride-along/
05/02/2014 20:39:07 - Following url ... /movie/disney-frozen/
05/02/2014 20:39:08 - Found : http://movietrailers.apple.com/movies/disney/frozen/frozen-tlr1_h480p.mov
05/02/2014 20:39:08 - Following url ... /movie/that-awkward-moment/
05/02/2014 20:39:08 - Found : http://movietrailers.apple.com/movies/independent/thatawkwardmoment/thatakwardmoment-tlr1_h480p.mov
05/02/2014 20:39:08 - Following url ... /movie/the-nut-job/
05/02/2014 20:39:09 - Found : http://movietrailers.apple.com/movies/independent/thenutjob/thenutjob-tlr1_h480p.mov
05/02/2014 20:39:09 - Following url ... /movie/lone-survivor/
05/02/2014 20:39:10 - Following url ... /movie/jack-ryan-shadow-recruit/
05/02/2014 20:39:11 - Found : http://movietrailers.apple.com/movies/paramount/jackryanshadowrecruit/jackryanshadowrecruit-tlr1_h480p.mov
05/02/2014 20:39:11 - Found clip : http://movietrailers.apple.com/movies/paramount/jackryanshadowrecruit/jackryanshadowrecruit-clip1_h480p.mov
05/02/2014 20:39:11 - Found clip : http://movietrailers.apple.com/movies/paramount/jackryanshadowrecruit/jackryanshadowrecruit-clip2_h480p.mov
05/02/2014 20:39:11 - Following url ... /movie/labor-day/
05/02/2014 20:39:12 - Following url ... /movie/american-hustle/
05/02/2014 20:39:13 - Found clip : http://movietrailers.apple.com/movies/sony_pictures/americanhustle/americahustle-clip4_h480p.mov
05/02/2014 20:39:13 - Following url ... /movie/i-frankenstein/
05/02/2014 20:39:13 - Following url ... /movie/the-wolf-of-wall-street/
05/02/2014 20:39:14 - Found : http://movietrailers.apple.com/movies/paramount/wolfofwallstreet/wolfofwallstreet-tlr1_h480p.mov
05/02/2014 20:39:14 - Found clip : http://movietrailers.apple.com/movies/paramount/wolfofwallstreet/thewolfofwallstreet-clip1_h480p.mov
05/02/2014 20:39:34 - *** Scraping ...  http://www.hd-trailers.net/top-movies/ ***
05/02/2014 20:39:35 - Following url ... /top-movies/
05/02/2014 20:39:36 - Following url ... /movie/ride-along/
05/02/2014 20:39:36 - Following url ... /movie/disney-frozen/
05/02/2014 20:39:37 - Found : http://movietrailers.apple.com/movies/disney/frozen/frozen-tlr1_h480p.mov
05/02/2014 20:40:01 - *** Scraping ...  http://www.hd-trailers.net/top-movies/ ***
05/02/2014 20:40:01 - Following url ... /top-movies/
05/02/2014 20:40:02 - Following url ... /movie/ride-along/
05/02/2014 20:40:03 - Following url ... /movie/disney-frozen/
05/02/2014 20:40:03 - Found : http://movietrailers.apple.com/movies/disney/frozen/frozen-tlr1_h480p.mov
05/02/2014 20:40:35 - *** Scraping ...  http://www.hd-trailers.net/top-movies/ ***
05/02/2014 20:40:35 - Following url ... /top-movies/
05/02/2014 20:40:36 - Following url ... /movie/ride-along/
05/02/2014 20:40:37 - Following url ... /movie/disney-frozen/
05/02/2014 20:40:37 - Found : http://movietrailers.apple.com/movies/disney/frozen/frozen-tlr1_h480p.mov
05/02/2014 20:40:37 - Download limit reached! 0 trailers downloaded.
05/02/2014 20:40:38 - Downloading - frozen-tlr1_h480p.mov
05/02/2014 20:42:51 - *** Scraping ...  http://www.hd-trailers.net/top-movies/ ***
05/02/2014 20:42:52 - Following url ... /top-movies/
05/02/2014 20:42:52 - Following url ... /movie/ride-along/
05/02/2014 20:42:53 - Following url ... /movie/disney-frozen/
05/02/2014 20:42:54 - Found : http://movietrailers.apple.com/movies/disney/frozen/frozen-tlr1_h480p.mov
05/02/2014 20:42:54 - Downloading - frozen-tlr1_h480p.mov
05/02/2014 20:43:01 - Downloaded - frozen-tlr1_h480p.mov
05/02/2014 20:43:01 - Following url ... /movie/that-awkward-moment/
05/02/2014 20:43:02 - Found : http://movietrailers.apple.com/movies/independent/thatawkwardmoment/thatakwardmoment-tlr1_h480p.mov
05/02/2014 20:43:02 - Downloading - thatakwardmoment-tlr1_h480p.mov
05/02/2014 20:43:15 - Downloaded - thatakwardmoment-tlr1_h480p.mov
05/02/2014 20:43:15 - Following url ... /movie/the-nut-job/
05/02/2014 20:43:15 - Found : http://movietrailers.apple.com/movies/independent/thenutjob/thenutjob-tlr1_h480p.mov
05/02/2014 20:43:16 - Downloading - thenutjob-tlr1_h480p.mov
05/02/2014 20:43:35 - Downloaded - thenutjob-tlr1_h480p.mov
05/02/2014 20:43:35 - Following url ... /movie/lone-survivor/
05/02/2014 20:43:35 - Following url ... /movie/jack-ryan-shadow-recruit/
05/02/2014 20:43:36 - Found : http://movietrailers.apple.com/movies/paramount/jackryanshadowrecruit/jackryanshadowrecruit-tlr1_h480p.mov
05/02/2014 20:43:38 - Downloading - jackryanshadowrecruit-tlr1_h480p.mov
05/02/2014 20:43:51 - Downloaded - jackryanshadowrecruit-tlr1_h480p.mov
05/02/2014 20:43:51 - Following url ... /movie/labor-day/
05/02/2014 20:43:52 - Following url ... /movie/american-hustle/
05/02/2014 20:43:52 - Following url ... /movie/i-frankenstein/
05/02/2014 20:43:53 - Following url ... /movie/the-wolf-of-wall-street/
05/02/2014 20:43:54 - Found : http://movietrailers.apple.com/movies/paramount/wolfofwallstreet/wolfofwallstreet-tlr1_h480p.mov
05/02/2014 20:43:56 - Downloading - wolfofwallstreet-tlr1_h480p.mov
05/02/2014 20:45:21 - *** Scraping ...  http://www.hd-trailers.net/top-movies/ ***
05/02/2014 20:45:22 - Following url ... /top-movies/
05/02/2014 20:45:23 - Following url ... /movie/ride-along/
05/02/2014 20:45:25 - Following url ... /movie/disney-frozen/
05/02/2014 20:45:26 - Found : http://movietrailers.apple.com/movies/disney/frozen/frozen-tlr1_h480p.mov
05/02/2014 20:45:26 - Downloading - frozen-tlr1_h480p.mov
05/02/2014 20:45:34 - Downloaded - frozen-tlr1_h480p.mov
05/02/2014 20:45:34 - Following url ... /movie/that-awkward-moment/
05/02/2014 20:45:34 - Found : http://movietrailers.apple.com/movies/independent/thatawkwardmoment/thatakwardmoment-tlr1_h480p.mov
05/02/2014 20:45:34 - Downloading - thatakwardmoment-tlr1_h480p.mov
05/02/2014 20:45:47 - Downloaded - thatakwardmoment-tlr1_h480p.mov
05/02/2014 20:45:47 - Following url ... /movie/the-nut-job/
05/02/2014 20:45:47 - Found : http://movietrailers.apple.com/movies/independent/thenutjob/thenutjob-tlr1_h480p.mov
05/02/2014 20:45:48 - Downloading - thenutjob-tlr1_h480p.mov
05/02/2014 20:46:06 - Downloaded - thenutjob-tlr1_h480p.mov
05/02/2014 20:46:07 - Following url ... /movie/lone-survivor/
05/02/2014 20:46:07 - Following url ... /movie/jack-ryan-shadow-recruit/
05/02/2014 20:46:08 - Found : http://movietrailers.apple.com/movies/paramount/jackryanshadowrecruit/jackryanshadowrecruit-tlr1_h480p.mov
05/02/2014 20:46:08 - Downloading - jackryanshadowrecruit-tlr1_h480p.mov
05/02/2014 21:36:21 - *** Scraping ...  http://www.hd-trailers.net/top-movies/ ***
05/02/2014 21:36:22 - Following url ... /top-movies/
05/02/2014 21:36:23 - Following url ... /movie/ride-along/
05/02/2014 21:36:24 - Following url ... /movie/disney-frozen/
05/02/2014 21:36:25 - Found : http://movietrailers.apple.com/movies/disney/frozen/frozen-tlr1_h480p.mov
05/02/2014 21:36:27 - Downloading - frozen-tlr1_h480p.mov
05/02/2014 21:37:01 - *** Scraping ...  http://www.hd-trailers.net/top-movies/ ***
05/02/2014 21:37:01 - Following url ... /top-movies/
05/02/2014 21:37:03 - Following url ... /movie/ride-along/
05/02/2014 21:37:03 - Following url ... /movie/disney-frozen/
05/02/2014 21:37:04 - Found : http://movietrailers.apple.com/movies/disney/frozen/frozen-tlr1_h480p.mov
05/02/2014 21:37:04 - Downloading - frozen-tlr1_h480p.mov
05/02/2014 21:40:15 - *** Scraping ...  http://www.hd-trailers.net/top-movies/ ***
05/02/2014 21:40:15 - Following url ... /top-movies/
05/02/2014 21:40:16 - Following url ... /movie/ride-along/
05/02/2014 21:40:17 - Following url ... /movie/disney-frozen/
05/02/2014 21:40:17 - Found : http://movietrailers.apple.com/movies/disney/frozen/frozen-tlr1_h480p.mov
05/02/2014 21:40:18 - Downloading - frozen-tlr1_h480p.mov
05/02/2014 21:41:45 - *** Scraping ...  http://www.hd-trailers.net/top-movies/ ***
05/02/2014 21:41:46 - Following url ... /top-movies/
05/02/2014 21:41:46 - Following url ... /movie/ride-along/
05/02/2014 21:41:47 - Following url ... /movie/disney-frozen/
05/02/2014 21:41:48 - Found : http://movietrailers.apple.com/movies/disney/frozen/frozen-tlr1_h480p.mov
05/02/2014 21:41:48 - Downloading - frozen-tlr1_h480p.mov
05/02/2014 21:42:37 - *** Scraping ...  http://www.hd-trailers.net/top-movies/ ***
05/02/2014 21:42:38 - Following url ... /top-movies/
05/02/2014 21:42:38 - Following url ... /movie/ride-along/
05/02/2014 21:42:39 - Following url ... /movie/disney-frozen/
05/02/2014 21:42:40 - Found : http://movietrailers.apple.com/movies/disney/frozen/frozen-tlr1_h480p.mov
05/02/2014 21:43:24 - *** Scraping ...  http://www.hd-trailers.net/top-movies/ ***
05/02/2014 21:43:25 - Following url ... /top-movies/
05/02/2014 21:43:26 - Following url ... /movie/ride-along/
05/02/2014 21:43:27 - Following url ... /movie/disney-frozen/
05/02/2014 21:43:28 - Found : http://movietrailers.apple.com/movies/disney/frozen/frozen-tlr1_h480p.mov
05/02/2014 21:43:29 - Downloading - frozen-tlr1_h480p.mov
05/02/2014 21:45:51 - *** Scraping ...  http://www.hd-trailers.net/top-movies/ ***
05/02/2014 21:45:52 - Following url ... /top-movies/
05/02/2014 21:45:53 - Following url ... /movie/ride-along/
05/02/2014 21:45:54 - Following url ... /movie/disney-frozen/
05/02/2014 21:45:54 - Found : http://movietrailers.apple.com/movies/disney/frozen/frozen-tlr1_h480p.mov
05/02/2014 21:45:54 - Downloading - frozen-tlr1_h480p.mov
05/02/2014 21:47:42 - *** Scraping ...  http://www.hd-trailers.net/top-movies/ ***
05/02/2014 21:47:42 - Following url ... /top-movies/
05/02/2014 21:47:43 - Following url ... /movie/ride-along/
05/02/2014 21:47:45 - Following url ... /movie/disney-frozen/
05/02/2014 21:47:46 - Found : http://movietrailers.apple.com/movies/disney/frozen/frozen-tlr1_h480p.mov
05/02/2014 21:47:46 - Downloading - frozen-tlr1_h480p.mov
05/02/2014 21:50:10 - *** Scraping ...  http://www.hd-trailers.net/top-movies/ ***
05/02/2014 21:50:11 - Following url ... /top-movies/
05/02/2014 21:50:12 - Following url ... /movie/ride-along/
05/02/2014 21:50:13 - Following url ... /movie/disney-frozen/
05/02/2014 21:50:14 - Found : http://movietrailers.apple.com/movies/disney/frozen/frozen-tlr1_h480p.mov
05/02/2014 21:50:14 - Downloading - frozen-tlr1_h480p.mov
05/02/2014 21:50:54 - *** Scraping ...  http://www.hd-trailers.net/top-movies/ ***
05/02/2014 21:50:55 - Following url ... /top-movies/
05/02/2014 21:50:57 - Following url ... /movie/ride-along/
05/02/2014 21:50:57 - Following url ... /movie/disney-frozen/
05/02/2014 21:50:58 - Found : http://movietrailers.apple.com/movies/disney/frozen/frozen-tlr1_h480p.mov
05/02/2014 21:50:58 - Downloading - frozen-tlr1_h480p.mov
05/02/2014 21:51:46 - *** Scraping ...  http://www.hd-trailers.net/top-movies/ ***
05/02/2014 21:51:48 - Following url ... /top-movies/
05/02/2014 21:51:49 - Following url ... /movie/ride-along/
05/02/2014 21:51:50 - Following url ... /movie/disney-frozen/
05/02/2014 21:51:50 - Found : http://movietrailers.apple.com/movies/disney/frozen/frozen-tlr1_h480p.mov
05/02/2014 21:51:50 - Duplicate detected, not downloading frozen-tlr1_h480p.mov
05/02/2014 21:51:50 - Following url ... /movie/that-awkward-moment/
05/02/2014 21:51:52 - Found : http://movietrailers.apple.com/movies/independent/thatawkwardmoment/thatakwardmoment-tlr1_h480p.mov
05/02/2014 21:51:53 - Downloading - thatakwardmoment-tlr1_h480p.mov
05/02/2014 21:52:55 - *** Scraping ...  http://www.hd-trailers.net/top-movies/ ***
05/02/2014 21:52:56 - Following url ... /top-movies/
05/02/2014 21:52:57 - Following url ... /movie/ride-along/
05/02/2014 21:52:57 - Following url ... /movie/disney-frozen/
05/02/2014 21:52:58 - Found : http://movietrailers.apple.com/movies/disney/frozen/frozen-tlr1_h480p.mov
05/02/2014 21:52:58 - Duplicate detected, not downloading thatakwardmoment-tlr1_h480p.mov
05/02/2014 21:52:58 - Following url ... /movie/that-awkward-moment/
05/02/2014 21:52:59 - Found : http://movietrailers.apple.com/movies/independent/thatawkwardmoment/thatakwardmoment-tlr1_h480p.mov
05/02/2014 21:52:59 - Duplicate detected, not downloading thatakwardmoment-tlr1_h480p.mov
05/02/2014 21:52:59 - Following url ... /movie/the-nut-job/
05/02/2014 21:52:59 - Found : http://movietrailers.apple.com/movies/independent/thenutjob/thenutjob-tlr1_h480p.mov
05/02/2014 21:52:59 - Duplicate detected, not downloading thatakwardmoment-tlr1_h480p.mov
05/02/2014 21:52:59 - Following url ... /movie/lone-survivor/
05/02/2014 21:53:00 - Following url ... /movie/jack-ryan-shadow-recruit/
05/02/2014 21:53:02 - Found : http://movietrailers.apple.com/movies/paramount/jackryanshadowrecruit/jackryanshadowrecruit-tlr1_h480p.mov
05/02/2014 21:53:02 - Duplicate detected, not downloading thatakwardmoment-tlr1_h480p.mov
05/02/2014 21:53:02 - Following url ... /movie/labor-day/
05/02/2014 21:53:02 - Following url ... /movie/american-hustle/
05/02/2014 21:53:03 - Following url ... /movie/i-frankenstein/
05/02/2014 21:53:04 - Following url ... /movie/the-wolf-of-wall-street/
05/02/2014 21:53:05 - Found : http://movietrailers.apple.com/movies/paramount/wolfofwallstreet/wolfofwallstreet-tlr1_h480p.mov
05/02/2014 21:53:05 - Duplicate detected, not downloading thatakwardmoment-tlr1_h480p.mov
05/02/2014 21:53:29 - *** Scraping ...  http://www.hd-trailers.net/top-movies/ ***
05/02/2014 21:53:30 - Following url ... /top-movies/
05/02/2014 21:53:31 - Following url ... /movie/ride-along/
05/02/2014 21:53:32 - Following url ... /movie/disney-frozen/
05/02/2014 21:53:33 - Found : http://movietrailers.apple.com/movies/disney/frozen/frozen-tlr1_h480p.mov
05/02/2014 21:53:33 - Duplicate detected, not downloading thatakwardmoment-tlr1_h480p.mov
05/02/2014 21:53:33 - Following url ... /movie/that-awkward-moment/
05/02/2014 21:53:35 - Found : http://movietrailers.apple.com/movies/independent/thatawkwardmoment/thatakwardmoment-tlr1_h480p.mov
05/02/2014 21:53:35 - Duplicate detected, not downloading thatakwardmoment-tlr1_h480p.mov
05/02/2014 21:53:35 - Following url ... /movie/the-nut-job/
05/02/2014 21:53:36 - Found : http://movietrailers.apple.com/movies/independent/thenutjob/thenutjob-tlr1_h480p.mov
05/02/2014 21:53:36 - Duplicate detected, not downloading thatakwardmoment-tlr1_h480p.mov
05/02/2014 21:53:36 - Following url ... /movie/lone-survivor/
05/02/2014 21:53:36 - Following url ... /movie/jack-ryan-shadow-recruit/
05/02/2014 21:53:37 - Found : http://movietrailers.apple.com/movies/paramount/jackryanshadowrecruit/jackryanshadowrecruit-tlr1_h480p.mov
05/02/2014 21:53:37 - Duplicate detected, not downloading thatakwardmoment-tlr1_h480p.mov
05/02/2014 21:53:37 - Following url ... /movie/labor-day/
05/02/2014 21:53:37 - Following url ... /movie/american-hustle/
05/02/2014 21:53:38 - Following url ... /movie/i-frankenstein/
05/02/2014 21:53:39 - Following url ... /movie/the-wolf-of-wall-street/
05/02/2014 21:53:40 - Found : http://movietrailers.apple.com/movies/paramount/wolfofwallstreet/wolfofwallstreet-tlr1_h480p.mov
05/02/2014 21:53:40 - Duplicate detected, not downloading thatakwardmoment-tlr1_h480p.mov
05/02/2014 21:54:05 - *** Scraping ...  http://www.hd-trailers.net/top-movies/ ***
05/02/2014 21:54:06 - Following url ... /top-movies/
05/02/2014 21:54:06 - Following url ... /movie/ride-along/
05/02/2014 21:54:07 - Following url ... /movie/disney-frozen/
05/02/2014 21:54:08 - Found : http://movietrailers.apple.com/movies/disney/frozen/frozen-tlr1_h480p.mov
05/02/2014 21:54:08 - Duplicate detected, not downloading frozen-tlr1_h480p.mov
05/02/2014 21:54:08 - Following url ... /movie/that-awkward-moment/
05/02/2014 21:54:09 - Found : http://movietrailers.apple.com/movies/independent/thatawkwardmoment/thatakwardmoment-tlr1_h480p.mov
05/02/2014 21:54:09 - Duplicate detected, not downloading thatakwardmoment-tlr1_h480p.mov
05/02/2014 21:54:09 - Following url ... /movie/the-nut-job/
05/02/2014 21:54:10 - Found : http://movietrailers.apple.com/movies/independent/thenutjob/thenutjob-tlr1_h480p.mov
05/02/2014 21:54:11 - Downloading - thenutjob-tlr1_h480p.mov
05/02/2014 21:55:46 - *** Scraping ...  http://www.hd-trailers.net/top-movies/ ***
05/02/2014 21:55:48 - Following url ... /top-movies/
05/02/2014 21:55:49 - Following url ... /movie/ride-along/
05/02/2014 21:55:51 - Following url ... /movie/disney-frozen/
05/02/2014 21:55:51 - Found : http://movietrailers.apple.com/movies/disney/frozen/frozen-tlr1_h480p.mov
05/02/2014 21:55:51 - Duplicate detected, not downloading frozen-tlr1_h480p.mov
05/02/2014 21:55:51 - Following url ... /movie/that-awkward-moment/
05/02/2014 21:55:52 - Found : http://movietrailers.apple.com/movies/independent/thatawkwardmoment/thatakwardmoment-tlr1_h480p.mov
05/02/2014 21:55:52 - Duplicate detected, not downloading thatakwardmoment-tlr1_h480p.mov
05/02/2014 21:55:52 - Following url ... /movie/the-nut-job/
05/02/2014 21:55:52 - Found : http://movietrailers.apple.com/movies/independent/thenutjob/thenutjob-tlr1_h480p.mov
05/02/2014 21:55:52 - Duplicate detected, not downloading thenutjob-tlr1_h480p.mov
05/02/2014 21:55:52 - Following url ... /movie/lone-survivor/
05/02/2014 21:55:53 - Following url ... /movie/jack-ryan-shadow-recruit/
05/02/2014 21:55:54 - Found : http://movietrailers.apple.com/movies/paramount/jackryanshadowrecruit/jackryanshadowrecruit-tlr1_h480p.mov
05/02/2014 21:55:55 - Downloading - jackryanshadowrecruit-tlr1_h480p.mov
05/02/2014 21:56:30 - *** Scraping ...  http://www.hd-trailers.net/top-movies/ ***
05/02/2014 21:56:30 - Following url ... /top-movies/
05/02/2014 21:56:31 - Following url ... /movie/ride-along/
05/02/2014 21:56:31 - Following url ... /movie/disney-frozen/
05/02/2014 21:56:32 - Found : http://movietrailers.apple.com/movies/disney/frozen/frozen-tlr1_h480p.mov
05/02/2014 21:56:32 - Duplicate detected, not downloading frozen-tlr1_h480p.mov
05/02/2014 21:56:32 - Following url ... /movie/that-awkward-moment/
05/02/2014 21:56:32 - Found : http://movietrailers.apple.com/movies/independent/thatawkwardmoment/thatakwardmoment-tlr1_h480p.mov
05/02/2014 21:56:32 - Duplicate detected, not downloading thatakwardmoment-tlr1_h480p.mov
05/02/2014 21:56:32 - Following url ... /movie/the-nut-job/
05/02/2014 21:56:33 - Found : http://movietrailers.apple.com/movies/independent/thenutjob/thenutjob-tlr1_h480p.mov
05/02/2014 21:56:33 - Duplicate detected, not downloading thenutjob-tlr1_h480p.mov
05/02/2014 21:56:33 - Following url ... /movie/lone-survivor/
05/02/2014 21:56:34 - Following url ... /movie/jack-ryan-shadow-recruit/
05/02/2014 21:56:35 - Found : http://movietrailers.apple.com/movies/paramount/jackryanshadowrecruit/jackryanshadowrecruit-tlr1_h480p.mov
05/02/2014 21:56:35 - Duplicate detected, not downloading jackryanshadowrecruit-tlr1_h480p.mov
05/02/2014 21:56:35 - Following url ... /movie/labor-day/
05/02/2014 21:56:35 - Following url ... /movie/american-hustle/
05/02/2014 21:56:36 - Following url ... /movie/i-frankenstein/
05/02/2014 21:56:37 - Following url ... /movie/the-wolf-of-wall-street/
05/02/2014 21:56:39 - Found : http://movietrailers.apple.com/movies/paramount/wolfofwallstreet/wolfofwallstreet-tlr1_h480p.mov
05/02/2014 21:56:39 - Downloading - wolfofwallstreet-tlr1_h480p.mov
05/02/2014 21:57:11 - *** Scraping ...  http://www.hd-trailers.net/top-movies/ ***
05/02/2014 21:57:11 - Following url ... /top-movies/
05/02/2014 21:57:18 - Following url ... /movie/ride-along/
05/02/2014 21:57:23 - Following url ... /movie/disney-frozen/
05/02/2014 21:57:25 - Found : http://movietrailers.apple.com/movies/disney/frozen/frozen-tlr1_h480p.mov
05/02/2014 21:57:25 - Duplicate detected, not downloading frozen-tlr1_h480p.mov
05/02/2014 21:57:25 - Following url ... /movie/that-awkward-moment/
05/02/2014 21:57:25 - Found : http://movietrailers.apple.com/movies/independent/thatawkwardmoment/thatakwardmoment-tlr1_h480p.mov
05/02/2014 21:57:25 - Duplicate detected, not downloading thatakwardmoment-tlr1_h480p.mov
05/02/2014 21:57:25 - Following url ... /movie/the-nut-job/
05/02/2014 21:57:29 - Found : http://movietrailers.apple.com/movies/independent/thenutjob/thenutjob-tlr1_h480p.mov
05/02/2014 21:57:29 - Duplicate detected, not downloading thenutjob-tlr1_h480p.mov
05/02/2014 21:57:29 - Following url ... /movie/lone-survivor/
05/02/2014 21:57:30 - Following url ... /movie/jack-ryan-shadow-recruit/
05/02/2014 21:57:30 - Found : http://movietrailers.apple.com/movies/paramount/jackryanshadowrecruit/jackryanshadowrecruit-tlr1_h480p.mov
05/02/2014 21:57:30 - Duplicate detected, not downloading jackryanshadowrecruit-tlr1_h480p.mov
05/02/2014 21:57:30 - Following url ... /movie/labor-day/
05/02/2014 21:57:31 - Following url ... /movie/american-hustle/
05/02/2014 21:57:31 - Following url ... /movie/i-frankenstein/
05/02/2014 21:57:32 - Following url ... /movie/the-wolf-of-wall-street/
05/02/2014 21:57:33 - Found : http://movietrailers.apple.com/movies/paramount/wolfofwallstreet/wolfofwallstreet-tlr1_h480p.mov
05/02/2014 21:57:33 - Duplicate detected, not downloading wolfofwallstreet-tlr1_h480p.mov
05/02/2014 21:57:51 - *** Scraping ...  http://www.hd-trailers.net/top-movies/ ***
05/02/2014 21:57:52 - Following url ... /top-movies/
05/02/2014 21:57:53 - Following url ... /movie/ride-along/
05/02/2014 21:57:54 - Following url ... /movie/disney-frozen/
05/02/2014 21:57:55 - Found : http://movietrailers.apple.com/movies/disney/frozen/frozen-tlr1_h480p.mov
05/02/2014 21:57:55 - Download limit reached! 0 trailers downloaded.
05/02/2014 21:57:55 - Following url ... /movie/that-awkward-moment/
05/02/2014 21:57:56 - Found : http://movietrailers.apple.com/movies/independent/thatawkwardmoment/thatakwardmoment-tlr1_h480p.mov
05/02/2014 21:57:56 - Download limit reached! 0 trailers downloaded.
05/02/2014 21:57:56 - Following url ... /movie/the-nut-job/
05/02/2014 21:57:57 - Found : http://movietrailers.apple.com/movies/independent/thenutjob/thenutjob-tlr1_h480p.mov
05/02/2014 21:57:57 - Download limit reached! 0 trailers downloaded.
05/02/2014 21:57:57 - Following url ... /movie/lone-survivor/
05/02/2014 21:57:58 - Following url ... /movie/jack-ryan-shadow-recruit/
05/02/2014 21:57:59 - Found : http://movietrailers.apple.com/movies/paramount/jackryanshadowrecruit/jackryanshadowrecruit-tlr1_h480p.mov
05/02/2014 21:57:59 - Download limit reached! 0 trailers downloaded.
05/02/2014 21:57:59 - Following url ... /movie/labor-day/
05/02/2014 21:57:59 - Following url ... /movie/american-hustle/
05/02/2014 21:58:00 - Following url ... /movie/i-frankenstein/
05/02/2014 21:58:01 - Following url ... /movie/the-wolf-of-wall-street/
05/02/2014 21:58:02 - Found : http://movietrailers.apple.com/movies/paramount/wolfofwallstreet/wolfofwallstreet-tlr1_h480p.mov
05/02/2014 21:58:02 - Download limit reached! 0 trailers downloaded.
05/02/2014 22:03:01 - *** Scraping ...  http://www.hd-trailers.net/top-movies/ ***
05/02/2014 22:03:03 - Following url ... /top-movies/
05/02/2014 22:03:04 - Following url ... /movie/ride-along/
05/02/2014 22:03:05 - Following url ... /movie/disney-frozen/
05/02/2014 22:03:06 - Found : http://movietrailers.apple.com/movies/disney/frozen/frozen-tlr1_h480p.mov
05/02/2014 22:03:06 - Downloading - frozen-tlr1_h480p.mov
05/02/2014 22:03:37 - *** Scraping ...  http://www.hd-trailers.net/top-movies/ ***
05/02/2014 22:03:38 - Following url ... /top-movies/
05/02/2014 22:03:39 - Following url ... /movie/ride-along/
05/02/2014 22:03:40 - Following url ... /movie/disney-frozen/
05/02/2014 22:03:42 - Found : http://movietrailers.apple.com/movies/disney/frozen/frozen-tlr1_h480p.mov
05/02/2014 22:03:42 - Duplicate detected, not downloading frozen-tlr1_h480p.mov
05/02/2014 22:03:42 - Following url ... /movie/that-awkward-moment/
05/02/2014 22:03:43 - Found : http://movietrailers.apple.com/movies/independent/thatawkwardmoment/thatakwardmoment-tlr1_h480p.mov
05/02/2014 22:03:43 - Downloading - thatakwardmoment-tlr1_h480p.mov
05/02/2014 22:06:12 - Download limit reached! 0 trailers downloaded.
05/02/2014 22:06:56 - Download limit reached! 0 trailers downloaded.
05/02/2014 22:20:51 - Download limit reached! 0 trailers downloaded.
